WARNING [2016-05-29 00:13:09,848] [django.request] [base] [Process:5055] [Thread:139868743952128] Not Found: /static/css/lms-style-app.css
WARNING [2016-05-29 00:13:09,849] [django.request] [base] [Process:5055] [Thread:139868764108544] Not Found: /static/css/lms-style-vendor.css
WARNING [2016-05-29 00:13:09,853] [django.request] [base] [Process:5055] [Thread:139868735559424] Not Found: /static/css/lms-style-app-extend1.css
WARNING [2016-05-29 00:13:09,856] [django.request] [base] [Process:5055] [Thread:139868727166720] Not Found: /static/css/lms-style-app-extend2.css
WARNING [2016-05-29 00:13:09,861] [django.request] [base] [Process:5055] [Thread:139868727166720] Not Found: /static/images/iitbxheader.png
WARNING [2016-05-29 00:13:09,971] [django.request] [base] [Process:5055] [Thread:139868727166720] Not Found: /static/images/iitbxheader.png
WARNING [2016-05-29 00:13:37,176] [django.request] [base] [Process:5055] [Thread:139868735559424] Not Found: /static/js/dash1.js
WARNING [2016-05-29 00:13:37,178] [django.request] [base] [Process:5055] [Thread:139868727166720] Not Found: /static/css/dash.css
WARNING [2016-05-29 00:13:37,182] [django.request] [base] [Process:5055] [Thread:139868743952128] Not Found: /static/js/dash2.js
WARNING [2016-05-29 00:13:37,184] [django.request] [base] [Process:5055] [Thread:139868764108544] Not Found: /static/js/a
WARNING [2016-05-29 00:13:37,190] [django.request] [base] [Process:5055] [Thread:139868718249728] Not Found: /static/css/lms-style-vendor.css
WARNING [2016-05-29 00:13:37,193] [django.request] [base] [Process:5055] [Thread:139868743952128] Not Found: /static/css/lms-style-app.css
WARNING [2016-05-29 00:13:37,194] [django.request] [base] [Process:5055] [Thread:139868764108544] Not Found: /static/css/lms-style-app-extend1.css
WARNING [2016-05-29 00:13:37,197] [django.request] [base] [Process:5055] [Thread:139868735559424] Not Found: /static/css/lms-style-app-extend2.css
WARNING [2016-05-29 00:13:37,199] [django.request] [base] [Process:5055] [Thread:139868743952128] Not Found: /static/js/lms-main_vendor.js
WARNING [2016-05-29 00:13:37,202] [django.request] [base] [Process:5055] [Thread:139868764108544] Not Found: /static/js/require-config-lms.js
WARNING [2016-05-29 00:13:37,204] [django.request] [base] [Process:5055] [Thread:139868735559424] Not Found: /static/js/lms-application.js
WARNING [2016-05-29 00:13:37,206] [django.request] [base] [Process:5055] [Thread:139868764108544] Not Found: /static/js/lms-modules.js
WARNING [2016-05-29 00:13:37,208] [django.request] [base] [Process:5055] [Thread:139868743952128] Not Found: /static/js/dashboard.js
WARNING [2016-05-29 00:13:37,209] [django.request] [base] [Process:5055] [Thread:139868718249728] Not Found: /static/js/dash2.js
WARNING [2016-05-29 00:13:37,219] [django.request] [base] [Process:5055] [Thread:139868718249728] Not Found: /static/js/a
WARNING [2016-05-29 00:13:37,239] [django.request] [base] [Process:5055] [Thread:139868743952128] Not Found: /static/css/lms-style-app.css
WARNING [2016-05-29 00:13:37,241] [django.request] [base] [Process:5055] [Thread:139868718249728] Not Found: /static/css/lms-style-vendor.css
WARNING [2016-05-29 00:13:37,245] [django.request] [base] [Process:5055] [Thread:139868764108544] Not Found: /static/css/lms-style-app-extend1.css
WARNING [2016-05-29 00:13:37,249] [django.request] [base] [Process:5055] [Thread:139868735559424] Not Found: /static/css/lms-style-app-extend2.css
WARNING [2016-05-29 00:13:37,253] [django.request] [base] [Process:5055] [Thread:139868735559424] Not Found: /static/js/lms-main_vendor.js
WARNING [2016-05-29 00:13:37,269] [django.request] [base] [Process:5055] [Thread:139868735559424] Not Found: /static/js/require-config-lms.js
WARNING [2016-05-29 00:13:37,330] [django.request] [base] [Process:5055] [Thread:139868735559424] Not Found: /static/js/lms-application.js
WARNING [2016-05-29 00:13:37,334] [django.request] [base] [Process:5055] [Thread:139868735559424] Not Found: /static/js/lms-modules.js
WARNING [2016-05-29 00:13:37,340] [django.request] [base] [Process:5055] [Thread:139868735559424] Not Found: /static/js/dashboard.js
WARNING [2016-05-29 00:13:37,373] [django.request] [base] [Process:5055] [Thread:139868735559424] Not Found: /favicon.ico
WARNING [2016-05-29 00:13:39,891] [django.request] [base] [Process:5055] [Thread:139868764108544] Not Found: /static/css/lms-style-app.css
WARNING [2016-05-29 00:13:39,893] [django.request] [base] [Process:5055] [Thread:139868735559424] Not Found: /static/css/lms-style-vendor.css
WARNING [2016-05-29 00:13:39,896] [django.request] [base] [Process:5055] [Thread:139868718249728] Not Found: /static/css/lms-style-app-extend1.css
WARNING [2016-05-29 00:13:39,900] [django.request] [base] [Process:5055] [Thread:139868743952128] Not Found: /static/css/lms-style-app-extend2.css
WARNING [2016-05-29 00:13:39,907] [django.request] [base] [Process:5055] [Thread:139868743952128] Not Found: /static/images/iitbxheader.png
WARNING [2016-05-29 00:13:42,419] [django.request] [base] [Process:5055] [Thread:139868743952128] Not Found: /static/Manaual.pdf
WARNING [2016-05-29 00:14:35,461] [django.request] [base] [Process:5055] [Thread:139868718249728] Not Found: /static/js/dash1.js
WARNING [2016-05-29 00:14:35,462] [django.request] [base] [Process:5055] [Thread:139868743952128] Not Found: /static/css/dash.css
WARNING [2016-05-29 00:14:35,467] [django.request] [base] [Process:5055] [Thread:139868735559424] Not Found: /static/js/dash2.js
WARNING [2016-05-29 00:14:35,471] [django.request] [base] [Process:5055] [Thread:139868743952128] Not Found: /static/js/a
WARNING [2016-05-29 00:14:35,474] [django.request] [base] [Process:5055] [Thread:139868718249728] Not Found: /static/css/lms-style-vendor.css
WARNING [2016-05-29 00:14:35,477] [django.request] [base] [Process:5055] [Thread:139868764108544] Not Found: /static/css/lms-style-app.css
WARNING [2016-05-29 00:14:35,480] [django.request] [base] [Process:5055] [Thread:139868743952128] Not Found: /static/css/lms-style-app-extend2.css
WARNING [2016-05-29 00:14:35,481] [django.request] [base] [Process:5055] [Thread:139868718249728] Not Found: /static/css/lms-style-app-extend1.css
WARNING [2016-05-29 00:14:35,484] [django.request] [base] [Process:5055] [Thread:139868735559424] Not Found: /static/js/lms-main_vendor.js
WARNING [2016-05-29 00:14:35,485] [django.request] [base] [Process:5055] [Thread:139868743952128] Not Found: /static/js/require-config-lms.js
WARNING [2016-05-29 00:14:35,489] [django.request] [base] [Process:5055] [Thread:139868718249728] Not Found: /static/js/lms-application.js
WARNING [2016-05-29 00:14:35,492] [django.request] [base] [Process:5055] [Thread:139868743952128] Not Found: /static/js/lms-modules.js
WARNING [2016-05-29 00:14:35,495] [django.request] [base] [Process:5055] [Thread:139868735559424] Not Found: /static/js/dashboard.js
WARNING [2016-05-29 00:14:35,496] [django.request] [base] [Process:5055] [Thread:139868718249728] Not Found: /static/js/a
WARNING [2016-05-29 00:14:35,509] [django.request] [base] [Process:5055] [Thread:139868735559424] Not Found: /static/css/lms-style-app.css
WARNING [2016-05-29 00:14:35,509] [django.request] [base] [Process:5055] [Thread:139868718249728] Not Found: /static/css/lms-style-vendor.css
WARNING [2016-05-29 00:14:35,512] [django.request] [base] [Process:5055] [Thread:139868743952128] Not Found: /static/css/lms-style-app-extend1.css
WARNING [2016-05-29 00:14:35,513] [django.request] [base] [Process:5055] [Thread:139868718249728] Not Found: /static/css/lms-style-app-extend2.css
WARNING [2016-05-29 00:14:35,517] [django.request] [base] [Process:5055] [Thread:139868718249728] Not Found: /static/js/lms-main_vendor.js
WARNING [2016-05-29 00:14:35,522] [django.request] [base] [Process:5055] [Thread:139868718249728] Not Found: /static/js/require-config-lms.js
WARNING [2016-05-29 00:14:35,574] [django.request] [base] [Process:5055] [Thread:139868718249728] Not Found: /static/js/lms-application.js
WARNING [2016-05-29 00:14:35,581] [django.request] [base] [Process:5055] [Thread:139868718249728] Not Found: /static/js/lms-modules.js
WARNING [2016-05-29 00:14:35,587] [django.request] [base] [Process:5055] [Thread:139868718249728] Not Found: /static/js/dashboard.js
WARNING [2016-05-29 00:17:01,582] [django.request] [base] [Process:5055] [Thread:139868718249728] Not Found: /static/css/lms-style-vendor.css
WARNING [2016-05-29 00:17:01,583] [django.request] [base] [Process:5055] [Thread:139868743952128] Not Found: /static/css/lms-style-app.css
WARNING [2016-05-29 00:17:01,586] [django.request] [base] [Process:5055] [Thread:139868735559424] Not Found: /static/css/lms-style-app-extend1.css
WARNING [2016-05-29 00:17:01,587] [django.request] [base] [Process:5055] [Thread:139868764108544] Not Found: /static/css/lms-style-app-extend2.css
WARNING [2016-05-29 00:17:01,592] [django.request] [base] [Process:5055] [Thread:139868764108544] Not Found: /static/images/iitbxheader.png
WARNING [2016-05-29 00:17:15,208] [django.request] [base] [Process:5055] [Thread:139868764108544] Not Found: /static/css/dash.css
WARNING [2016-05-29 00:17:15,209] [django.request] [base] [Process:5055] [Thread:139868743952128] Not Found: /static/js/dash1.js
WARNING [2016-05-29 00:17:15,210] [django.request] [base] [Process:5055] [Thread:139868718249728] Not Found: /static/js/dash2.js
WARNING [2016-05-29 00:17:15,218] [django.request] [base] [Process:5055] [Thread:139868735559424] Not Found: /static/js/a
WARNING [2016-05-29 00:17:15,219] [django.request] [base] [Process:5055] [Thread:139868727166720] Not Found: /static/css/lms-style-vendor.css
WARNING [2016-05-29 00:17:15,222] [django.request] [base] [Process:5055] [Thread:139868764108544] Not Found: /static/css/lms-style-app.css
WARNING [2016-05-29 00:17:15,225] [django.request] [base] [Process:5055] [Thread:139868718249728] Not Found: /static/css/lms-style-app-extend1.css
WARNING [2016-05-29 00:17:15,226] [django.request] [base] [Process:5055] [Thread:139868727166720] Not Found: /static/css/lms-style-app-extend2.css
WARNING [2016-05-29 00:17:15,229] [django.request] [base] [Process:5055] [Thread:139868743952128] Not Found: /static/js/lms-main_vendor.js
WARNING [2016-05-29 00:17:15,231] [django.request] [base] [Process:5055] [Thread:139868764108544] Not Found: /static/js/require-config-lms.js
WARNING [2016-05-29 00:17:15,235] [django.request] [base] [Process:5055] [Thread:139868764108544] Not Found: /static/js/lms-application.js
WARNING [2016-05-29 00:17:15,236] [django.request] [base] [Process:5055] [Thread:139868743952128] Not Found: /static/js/lms-modules.js
WARNING [2016-05-29 00:17:15,239] [django.request] [base] [Process:5055] [Thread:139868727166720] Not Found: /static/js/dashboard.js
WARNING [2016-05-29 00:17:15,254] [django.request] [base] [Process:5055] [Thread:139868727166720] Not Found: /static/css/lms-style-vendor.css
WARNING [2016-05-29 00:17:15,255] [django.request] [base] [Process:5055] [Thread:139868743952128] Not Found: /static/css/lms-style-app.css
WARNING [2016-05-29 00:17:15,258] [django.request] [base] [Process:5055] [Thread:139868764108544] Not Found: /static/js/require-config-lms.js
WARNING [2016-05-29 00:17:15,309] [django.request] [base] [Process:5055] [Thread:139868764108544] Not Found: /static/js/lms-application.js
WARNING [2016-05-29 00:17:15,319] [django.request] [base] [Process:5055] [Thread:139868764108544] Not Found: /static/js/lms-modules.js
WARNING [2016-05-29 00:17:15,324] [django.request] [base] [Process:5055] [Thread:139868764108544] Not Found: /static/js/dashboard.js
WARNING [2016-05-29 00:17:25,713] [django.request] [base] [Process:5055] [Thread:139868764108544] Not Found: /static/Manaual.pdf
WARNING [2016-05-29 00:52:58,741] [django.request] [base] [Process:5245] [Thread:140081566316288] Not Found: /static/css/lms-style-app.css
WARNING [2016-05-29 00:52:58,742] [django.request] [base] [Process:5245] [Thread:140081658799872] Not Found: /static/css/lms-style-vendor.css
WARNING [2016-05-29 00:52:58,744] [django.request] [base] [Process:5245] [Thread:140081557923584] Not Found: /static/css/lms-style-app-extend1.css
WARNING [2016-05-29 00:52:58,745] [django.request] [base] [Process:5245] [Thread:140081549530880] Not Found: /static/css/lms-style-app-extend2.css
WARNING [2016-05-29 00:52:58,752] [django.request] [base] [Process:5245] [Thread:140081557923584] Not Found: /static/images/iitbxheader.png
WARNING [2016-05-29 00:53:18,582] [django.request] [base] [Process:5245] [Thread:140081658799872] Not Found: /static/js/dash2.js
WARNING [2016-05-29 00:53:18,583] [django.request] [base] [Process:5245] [Thread:140081557923584] Not Found: /static/css/dash.css
WARNING [2016-05-29 00:53:18,585] [django.request] [base] [Process:5245] [Thread:140081566316288] Not Found: /static/js/dash1.js
WARNING [2016-05-29 00:53:18,586] [django.request] [base] [Process:5245] [Thread:140081549530880] Not Found: /static/js/a
WARNING [2016-05-29 00:53:18,593] [django.request] [base] [Process:5245] [Thread:140081541138176] Not Found: /static/css/lms-style-vendor.css
WARNING [2016-05-29 00:53:18,596] [django.request] [base] [Process:5245] [Thread:140081658799872] Not Found: /static/css/lms-style-app.css
WARNING [2016-05-29 00:53:18,598] [django.request] [base] [Process:5245] [Thread:140081549530880] Not Found: /static/css/lms-style-app-extend1.css
WARNING [2016-05-29 00:53:18,601] [django.request] [base] [Process:5245] [Thread:140081541138176] Not Found: /static/css/lms-style-app-extend2.css
WARNING [2016-05-29 00:53:18,602] [django.request] [base] [Process:5245] [Thread:140081658799872] Not Found: /static/js/lms-main_vendor.js
WARNING [2016-05-29 00:53:18,604] [django.request] [base] [Process:5245] [Thread:140081566316288] Not Found: /static/js/require-config-lms.js
WARNING [2016-05-29 00:53:18,607] [django.request] [base] [Process:5245] [Thread:140081549530880] Not Found: /static/js/lms-application.js
WARNING [2016-05-29 00:53:18,609] [django.request] [base] [Process:5245] [Thread:140081658799872] Not Found: /static/js/lms-modules.js
WARNING [2016-05-29 00:53:18,611] [django.request] [base] [Process:5245] [Thread:140081566316288] Not Found: /static/js/dashboard.js
WARNING [2016-05-29 00:53:18,613] [django.request] [base] [Process:5245] [Thread:140081541138176] Not Found: /static/js/dash2.js
WARNING [2016-05-29 00:53:18,622] [django.request] [base] [Process:5245] [Thread:140081541138176] Not Found: /static/js/a
WARNING [2016-05-29 00:53:18,644] [django.request] [base] [Process:5245] [Thread:140081541138176] Not Found: /static/css/lms-style-vendor.css
WARNING [2016-05-29 00:53:18,646] [django.request] [base] [Process:5245] [Thread:140081566316288] Not Found: /static/css/lms-style-app.css
WARNING [2016-05-29 00:53:18,648] [django.request] [base] [Process:5245] [Thread:140081658799872] Not Found: /static/css/lms-style-app-extend1.css
WARNING [2016-05-29 00:53:18,651] [django.request] [base] [Process:5245] [Thread:140081549530880] Not Found: /static/css/lms-style-app-extend2.css
WARNING [2016-05-29 00:53:18,658] [django.request] [base] [Process:5245] [Thread:140081658799872] Not Found: /static/js/lms-main_vendor.js
WARNING [2016-05-29 00:53:18,665] [django.request] [base] [Process:5245] [Thread:140081658799872] Not Found: /static/js/require-config-lms.js
WARNING [2016-05-29 00:53:18,706] [django.request] [base] [Process:5245] [Thread:140081658799872] Not Found: /static/js/lms-application.js
WARNING [2016-05-29 00:53:18,711] [django.request] [base] [Process:5245] [Thread:140081658799872] Not Found: /static/js/lms-modules.js
WARNING [2016-05-29 00:53:18,717] [django.request] [base] [Process:5245] [Thread:140081658799872] Not Found: /static/js/dashboard.js
WARNING [2016-05-29 00:53:23,470] [django.request] [base] [Process:5245] [Thread:140081658799872] Not Found: /static/Manaual.pdf
